Attributes = ['age', 'workclass', 'fnlwgt', 'marital-status', 'occupation', 'relationship']
Dataset shape = (32561, 21701)
torch_organization_model(
  (input_layer): Linear(in_features=21701, out_features=128, bias=True)
  (hidden_layers): Sequential()
  (output_layer): Linear(in_features=128, out_features=64, bias=True)
)
Example row (0) = tensor([0., 0., 0.,  ..., 0., 0., 0.])
0 | output = tensor([[ 0.0742, -0.0390,  0.0766,  ..., -0.0044,  0.0590, -0.0852],
        [ 0.0717, -0.0341,  0.0734,  ..., -0.0079,  0.0635, -0.0893],
        [ 0.0632, -0.0402,  0.0666,  ...,  0.0020,  0.0681, -0.0882],
        ...,
        [ 0.0588, -0.0359,  0.0665,  ..., -0.0059,  0.0635, -0.0864],
        [ 0.0739, -0.0422,  0.0641,  ..., -0.0073,  0.0668, -0.0903],
        [ 0.0686, -0.0436,  0.0728,  ..., -0.0149,  0.0654, -0.0908]],
       grad_fn=<AddmmBackward0>)
0 | output = tensor([[ 0.0651, -0.0366,  0.0722,  ...,  0.0026,  0.0851, -0.0684],
        [ 0.0682, -0.0393,  0.0727,  ...,  0.0111,  0.0740, -0.0755],
        [ 0.0627, -0.0461,  0.0736,  ..., -0.0092,  0.0829, -0.0755],
        ...,
        [ 0.0633, -0.0381,  0.0845,  ..., -0.0033,  0.0662, -0.0731],
        [ 0.0794, -0.0323,  0.0680,  ...,  0.0084,  0.0644, -0.0856],
        [ 0.0745, -0.0346,  0.0731,  ..., -0.0029,  0.0709, -0.0887]],
       grad_fn=<AddmmBackward0>)
0 | output = tensor([[ 0.0712, -0.0453,  0.0747,  ...,  0.0024,  0.0952, -0.0625],
        [ 0.0741, -0.0489,  0.0771,  ...,  0.0106,  0.0880, -0.0732],
        [ 0.0767, -0.0384,  0.0759,  ...,  0.0124,  0.1065, -0.0629],
        ...,
        [ 0.0678, -0.0442,  0.0778,  ...,  0.0096,  0.1118, -0.0584],
        [ 0.0700, -0.0492,  0.0836,  ...,  0.0057,  0.0909, -0.0679],
        [ 0.0731, -0.0303,  0.0760,  ...,  0.0110,  0.0831, -0.0746]],
       grad_fn=<AddmmBackward0>)
0 | output = tensor([[ 0.0739, -0.0443,  0.0771,  ...,  0.0006,  0.0928, -0.0684],
        [ 0.0757, -0.0475,  0.0776,  ...,  0.0037,  0.0993, -0.0650],
        [ 0.0754, -0.0508,  0.0779,  ...,  0.0113,  0.0767, -0.0620],
        ...,
        [ 0.0744, -0.0683,  0.0944,  ...,  0.0143,  0.1195, -0.0528],
        [ 0.0785, -0.0508,  0.0941,  ...,  0.0155,  0.1301, -0.0494],
        [ 0.0789, -0.0356,  0.0666,  ...,  0.0025,  0.0832, -0.0756]],
       grad_fn=<AddmmBackward0>)
0 | output = tensor([[ 0.0858, -0.0724,  0.1032,  ...,  0.0225,  0.1436, -0.0448],
        [ 0.0757, -0.0256,  0.0520,  ..., -0.0017,  0.0376, -0.0985],
        [ 0.0829, -0.0563,  0.0906,  ...,  0.0230,  0.1140, -0.0695],
        ...,
        [ 0.0917, -0.0734,  0.1141,  ...,  0.0231,  0.1406, -0.0455],
        [ 0.0775, -0.0308,  0.0682,  ..., -0.0055,  0.0639, -0.0846],
        [ 0.0877, -0.0734,  0.1171,  ...,  0.0307,  0.1513, -0.0363]],
       grad_fn=<AddmmBackward0>)
0 | output = tensor([[ 0.0804, -0.0313,  0.0660,  ..., -0.0043,  0.0601, -0.0795],
        [ 0.1072, -0.0954,  0.1331,  ...,  0.0551,  0.2131, -0.0270],
        [ 0.1074, -0.0917,  0.1294,  ...,  0.0416,  0.1819, -0.0381],
        ...,
        [ 0.1101, -0.0966,  0.1339,  ...,  0.0517,  0.1997, -0.0340],
        [ 0.0891, -0.0564,  0.0949,  ...,  0.0093,  0.1037, -0.0672],
        [ 0.0872, -0.0610,  0.0909,  ...,  0.0136,  0.1077, -0.0630]],
       grad_fn=<AddmmBackward0>)
0 | output = tensor([[ 0.0942, -0.0679,  0.1008,  ...,  0.0301,  0.1190, -0.0674],
        [ 0.1022, -0.0754,  0.1150,  ...,  0.0361,  0.1439, -0.0594],
        [ 0.1289, -0.1296,  0.1730,  ...,  0.0723,  0.2535, -0.0358],
        ...,
        [ 0.1314, -0.1213,  0.1699,  ...,  0.0679,  0.2513, -0.0305],
        [ 0.0858, -0.0558,  0.0814,  ...,  0.0130,  0.0786, -0.0677],
        [ 0.1360, -0.1235,  0.1599,  ...,  0.0766,  0.2466, -0.0405]],
       grad_fn=<AddmmBackward0>)
0 | output = tensor([[ 0.1590, -0.1653,  0.2060,  ...,  0.1015,  0.2882, -0.0460],
        [ 0.1572, -0.1526,  0.1923,  ...,  0.0963,  0.2840, -0.0427],
        [ 0.1525, -0.1437,  0.1909,  ...,  0.0856,  0.2605, -0.0484],
        ...,
        [ 0.1091, -0.0885,  0.1164,  ...,  0.0412,  0.1451, -0.0633],
        [ 0.0675, -0.0189,  0.0556,  ..., -0.0135,  0.0395, -0.0794],
        [ 0.0852, -0.0411,  0.0777,  ...,  0.0138,  0.0769, -0.0832]],
       grad_fn=<AddmmBackward0>)
0 | output = tensor([[ 0.1773, -0.1890,  0.2368,  ...,  0.1227,  0.3336, -0.0622],
        [ 0.1904, -0.1847,  0.2250,  ...,  0.1299,  0.3345, -0.0610],
        [ 0.1859, -0.1766,  0.2246,  ...,  0.1313,  0.3278, -0.0606],
        ...,
        [ 0.1098, -0.0849,  0.1115,  ...,  0.0314,  0.1214, -0.0676],
        [ 0.1857, -0.1893,  0.2255,  ...,  0.1200,  0.3243, -0.0702],
        [ 0.0619, -0.0091,  0.0399,  ..., -0.0126,  0.0305, -0.0744]],
       grad_fn=<AddmmBackward0>)
0 | output = tensor([[ 0.2180, -0.2212,  0.2625,  ...,  0.1542,  0.3821, -0.0743],
        [ 0.2164, -0.2139,  0.2608,  ...,  0.1595,  0.3792, -0.0812],
        [ 0.2214, -0.2184,  0.2608,  ...,  0.1569,  0.3745, -0.0822],
        ...,
        [ 0.2197, -0.2212,  0.2606,  ...,  0.1576,  0.3819, -0.0772],
        [ 0.1933, -0.1976,  0.2330,  ...,  0.1354,  0.3193, -0.0872],
        [ 0.1794, -0.1757,  0.2164,  ...,  0.1170,  0.2986, -0.0806]],
       grad_fn=<AddmmBackward0>)
0 | output = tensor([[ 0.0666, -0.0183,  0.0560,  ...,  0.0013,  0.0573, -0.0685],
        [ 0.2360, -0.2273,  0.2719,  ...,  0.1657,  0.3735, -0.0964],
        [ 0.1270, -0.1005,  0.1316,  ...,  0.0584,  0.1764, -0.0740],
        ...,
        [ 0.1136, -0.0880,  0.1146,  ...,  0.0520,  0.1526, -0.0672],
        [ 0.2507, -0.2491,  0.2959,  ...,  0.1876,  0.4196, -0.0964],
        [ 0.1287, -0.0929,  0.1248,  ...,  0.0546,  0.1665, -0.0775]],
       grad_fn=<AddmmBackward0>)
0 | output = tensor([[ 0.1131, -0.0705,  0.1181,  ...,  0.0462,  0.1512, -0.0742],
        [ 0.1168, -0.0938,  0.1193,  ...,  0.0529,  0.1627, -0.0755],
        [ 0.1035, -0.0509,  0.0842,  ...,  0.0319,  0.1198, -0.0698],
        ...,
        [ 0.2793, -0.2888,  0.3287,  ...,  0.2255,  0.4620, -0.1177],
        [ 0.1475, -0.1184,  0.1551,  ...,  0.0790,  0.2028, -0.0796],
        [ 0.2713, -0.2833,  0.3263,  ...,  0.2176,  0.4520, -0.1189]],
       grad_fn=<AddmmBackward0>)
0 | output = tensor([[ 0.0213,  0.0330, -0.0030,  ..., -0.0451, -0.0215, -0.0404],
        [ 0.1000, -0.0618,  0.0940,  ...,  0.0346,  0.1247, -0.0664],
        [-0.0376,  0.0938, -0.0685,  ..., -0.1032, -0.1256, -0.0159],
        ...,
        [ 0.2866, -0.2960,  0.3410,  ...,  0.2306,  0.4548, -0.1401],
        [ 0.1211, -0.0921,  0.1242,  ...,  0.0612,  0.1616, -0.0725],
        [ 0.1347, -0.1154,  0.1453,  ...,  0.0778,  0.1723, -0.0764]],
       grad_fn=<AddmmBackward0>)
0 | output = tensor([[ 0.1186, -0.0811,  0.1131,  ...,  0.0583,  0.1512, -0.0714],
        [-0.0067,  0.0759, -0.0431,  ..., -0.0822, -0.0591, -0.0162],
        [ 0.2796, -0.2811,  0.3262,  ...,  0.2254,  0.4347, -0.1437],
        ...,
        [ 0.1195, -0.0936,  0.1247,  ...,  0.0604,  0.1627, -0.0697],
        [ 0.0564, -0.0087,  0.0422,  ..., -0.0185,  0.0492, -0.0477],
        [ 0.0851, -0.0364,  0.0730,  ...,  0.0177,  0.0952, -0.0597]],
       grad_fn=<AddmmBackward0>)
0 | output = tensor([[ 0.0402,  0.0134,  0.0157,  ..., -0.0160,  0.0418, -0.0301],
        [ 0.2001, -0.1815,  0.2251,  ...,  0.1376,  0.2815, -0.1065],
        [ 0.3580, -0.3714,  0.4113,  ...,  0.3028,  0.5503, -0.1849],
        ...,
        [ 0.2753, -0.2750,  0.3156,  ...,  0.2209,  0.4205, -0.1486],
        [-0.1545,  0.2400, -0.2042,  ..., -0.2205, -0.2880,  0.0580],
        [ 0.1323, -0.0951,  0.1404,  ...,  0.0690,  0.1807, -0.0813]],
       grad_fn=<AddmmBackward0>)
0 | output = tensor([[ 0.0047,  0.0530, -0.0179,  ..., -0.0643, -0.0404, -0.0194],
        [ 0.4328, -0.4593,  0.5007,  ...,  0.3652,  0.6240, -0.2415],
        [ 0.1307, -0.1077,  0.1380,  ...,  0.0787,  0.1782, -0.0771],
        ...,
        [-0.0792,  0.1469, -0.1179,  ..., -0.1373, -0.1546,  0.0292],
        [ 0.3711, -0.3817,  0.4195,  ...,  0.3163,  0.5552, -0.1981],
        [ 0.2028, -0.1820,  0.2250,  ...,  0.1506,  0.2959, -0.1169]],
       grad_fn=<AddmmBackward0>)
0 | output = tensor([[ 5.9904e-03,  5.3571e-02, -2.2768e-02,  ..., -5.1138e-02,
         -9.3818e-03, -1.0400e-03],
        [-1.9997e-05,  5.3119e-02, -2.3367e-02,  ..., -5.8318e-02,
         -1.0065e-02, -8.1111e-03],
        [ 7.8073e-02, -4.3936e-02,  6.4466e-02,  ...,  2.4383e-02,
          8.1618e-02, -4.6169e-02],
        ...,
        [ 4.3427e-03,  4.2014e-02, -1.8878e-02,  ..., -6.6375e-02,
         -3.8490e-02, -1.2584e-02],
        [ 4.7921e-03,  5.2544e-02, -2.4911e-02,  ..., -5.8173e-02,
         -1.2727e-02, -7.4693e-03],
        [ 4.0127e-01, -4.1886e-01,  4.6099e-01,  ...,  3.4711e-01,
          5.9870e-01, -2.2058e-01]], grad_fn=<AddmmBackward0>)
0 | output = tensor([[ 0.0358,  0.0153,  0.0249,  ..., -0.0227,  0.0362, -0.0255],
        [-0.0928,  0.1450, -0.1296,  ..., -0.1486, -0.1510,  0.0445],
        [-0.3022,  0.3936, -0.3828,  ..., -0.3629, -0.4869,  0.1603],
        ...,
        [-0.0441,  0.1032, -0.0693,  ..., -0.1111, -0.0873,  0.0195],
        [-0.1022,  0.1699, -0.1360,  ..., -0.1788, -0.1826,  0.0515],
        [ 0.2417, -0.2164,  0.2632,  ...,  0.1837,  0.3335, -0.1473]],
       grad_fn=<AddmmBackward0>)
0 | output = tensor([[ 0.5377, -0.5650,  0.6126,  ...,  0.4847,  0.7538, -0.3235],
        [-0.3536,  0.4639, -0.4384,  ..., -0.4229, -0.5522,  0.1973],
        [ 0.4072, -0.4075,  0.4532,  ...,  0.3514,  0.5920, -0.2377],
        ...,
        [ 0.3467, -0.3402,  0.3866,  ...,  0.2878,  0.4790, -0.2094],
        [ 0.0342,  0.0191,  0.0182,  ..., -0.0237,  0.0333, -0.0246],
        [-0.0198,  0.0861, -0.0516,  ..., -0.0871, -0.0655,  0.0120]],
       grad_fn=<AddmmBackward0>)
0 | output = tensor([[-0.0954,  0.1416, -0.1314,  ..., -0.1450, -0.1672,  0.0580],
        [ 0.3668, -0.3661,  0.4105,  ...,  0.3063,  0.5182, -0.2159],
        [ 0.4965, -0.5184,  0.5574,  ...,  0.4320,  0.6937, -0.2967],
        ...,
        [ 0.4637, -0.4778,  0.5187,  ...,  0.4116,  0.6633, -0.2816],
        [-0.1398,  0.2162, -0.1935,  ..., -0.2019, -0.2340,  0.0799],
        [ 0.5642, -0.5856,  0.6279,  ...,  0.4938,  0.7932, -0.3387]],
       grad_fn=<AddmmBackward0>)
0 | output = tensor([[ 0.4678, -0.4550,  0.4987,  ...,  0.3914,  0.6367, -0.2818],
        [ 0.5565, -0.5688,  0.6126,  ...,  0.4870,  0.7817, -0.3435],
        [ 0.1406, -0.1027,  0.1489,  ...,  0.0773,  0.1764, -0.0932],
        ...,
        [ 0.5091, -0.5323,  0.5777,  ...,  0.4424,  0.7291, -0.3150],
        [-0.1244,  0.1846, -0.1601,  ..., -0.1726, -0.2119,  0.0788],
        [ 0.0713, -0.0219,  0.0528,  ..., -0.0082,  0.0740, -0.0415]],
       grad_fn=<AddmmBackward0>)
0 | output = tensor([[ 0.4835, -0.4881,  0.5290,  ...,  0.4141,  0.6871, -0.2953],
        [ 0.4633, -0.4561,  0.5175,  ...,  0.3940,  0.6547, -0.2843],
        [ 0.6074, -0.6336,  0.6715,  ...,  0.5283,  0.8490, -0.3776],
        ...,
        [ 0.1881, -0.1563,  0.1888,  ...,  0.1111,  0.2350, -0.1139],
        [ 0.4049, -0.4067,  0.4593,  ...,  0.3440,  0.5833, -0.2501],
        [ 0.1958, -0.1635,  0.1907,  ...,  0.1192,  0.2548, -0.1199]],
       grad_fn=<AddmmBackward0>)
0 | output = tensor([[ 0.3504, -0.3294,  0.3660,  ...,  0.2607,  0.4566, -0.2194],
        [ 0.1238, -0.0873,  0.1190,  ...,  0.0552,  0.1643, -0.0770],
        [ 0.0741, -0.0159,  0.0518,  ..., -0.0054,  0.0693, -0.0460],
        ...,
        [ 0.6213, -0.6246,  0.6735,  ...,  0.5175,  0.8539, -0.3981],
        [ 0.4147, -0.4054,  0.4557,  ...,  0.3338,  0.5702, -0.2627],
        [ 0.6514, -0.6643,  0.7040,  ...,  0.5502,  0.8812, -0.4157]],
       grad_fn=<AddmmBackward0>)
0 | output = tensor([[ 0.1066, -0.0707,  0.0930,  ...,  0.0292,  0.1070, -0.0609],
        [ 0.4515, -0.4378,  0.4752,  ...,  0.3590,  0.6133, -0.2857],
        [ 0.2003, -0.1616,  0.1895,  ...,  0.1129,  0.2246, -0.1193],
        ...,
        [ 0.2235, -0.2067,  0.2408,  ...,  0.1627,  0.3146, -0.1399],
        [-0.1913,  0.2585, -0.2356,  ..., -0.2491, -0.3160,  0.1208],
        [ 0.0815, -0.0391,  0.0726,  ...,  0.0023,  0.0837, -0.0481]],
       grad_fn=<AddmmBackward0>)
0 | output = tensor([[ 0.6896, -0.6884,  0.7382,  ...,  0.5603,  0.9504, -0.4517],
        [-0.2161,  0.2857, -0.2686,  ..., -0.2627, -0.3448,  0.1410],
        [ 0.4058, -0.3833,  0.4320,  ...,  0.3139,  0.5703, -0.2562],
        ...,
        [-0.1379,  0.1809, -0.1701,  ..., -0.1863, -0.2447,  0.0949],
        [ 0.4103, -0.3988,  0.4412,  ...,  0.3226,  0.5747, -0.2602],
        [ 0.0683, -0.0238,  0.0626,  ...,  0.0110,  0.0811, -0.0425]],
       grad_fn=<AddmmBackward0>)
0 | output = tensor([[ 0.0554, -0.0101,  0.0394,  ..., -0.0157,  0.0357, -0.0307],
        [ 0.1574, -0.1397,  0.1687,  ...,  0.1013,  0.2041, -0.1013],
        [ 0.5377, -0.5062,  0.5661,  ...,  0.4196,  0.7354, -0.3539],
        ...,
        [ 0.1652, -0.1263,  0.1549,  ...,  0.0885,  0.1981, -0.1005],
        [ 0.3998, -0.3772,  0.4227,  ...,  0.3061,  0.5548, -0.2551],
        [ 0.1699, -0.1228,  0.1664,  ...,  0.0912,  0.2119, -0.1081]],
       grad_fn=<AddmmBackward0>)
0 | output = tensor([[ 0.3104, -0.2803,  0.3223,  ...,  0.2323,  0.4358, -0.1962],
        [ 0.0400,  0.0068,  0.0218,  ..., -0.0275,  0.0255, -0.0215],
        [ 0.6837, -0.6651,  0.7087,  ...,  0.5301,  0.9367, -0.4549],
        ...,
        [ 0.1595, -0.1140,  0.1417,  ...,  0.0638,  0.1828, -0.0986],
        [ 0.4984, -0.4737,  0.5105,  ...,  0.3773,  0.6780, -0.3296],
        [ 0.5685, -0.5309,  0.5781,  ...,  0.4216,  0.7593, -0.3723]],
       grad_fn=<AddmmBackward0>)
0 | output = tensor([[ 0.4329, -0.3931,  0.4361,  ...,  0.3063,  0.5732, -0.2819],
        [ 0.2503, -0.2194,  0.2480,  ...,  0.1408,  0.3139, -0.1794],
        [ 0.3787, -0.3270,  0.3741,  ...,  0.2672,  0.5086, -0.2496],
        ...,
        [ 0.1088, -0.0551,  0.0956,  ...,  0.0444,  0.1303, -0.0659],
        [ 0.5014, -0.4768,  0.5220,  ...,  0.3615,  0.6858, -0.3403],
        [ 0.2236, -0.1819,  0.2116,  ...,  0.1204,  0.2802, -0.1507]],
       grad_fn=<AddmmBackward0>)
0 | output = tensor([[ 0.6107, -0.5797,  0.6253,  ...,  0.4527,  0.8395, -0.4129],
        [ 0.1851, -0.1382,  0.1609,  ...,  0.0864,  0.2022, -0.1255],
        [ 0.4051, -0.3588,  0.4179,  ...,  0.2916,  0.5583, -0.2681],
        ...,
        [ 0.2387, -0.1864,  0.2342,  ...,  0.1529,  0.3186, -0.1570],
        [-0.1080,  0.1621, -0.1472,  ..., -0.1529, -0.1971,  0.0785],
        [ 0.3514, -0.3176,  0.3621,  ...,  0.2497,  0.4897, -0.2370]],
       grad_fn=<AddmmBackward0>)
0 | output = tensor([[-0.1727,  0.2321, -0.2169,  ..., -0.2035, -0.3005,  0.1249],
        [ 0.3291, -0.2702,  0.3231,  ...,  0.2175,  0.4467, -0.2187],
        [ 0.1577, -0.1212,  0.1493,  ...,  0.0679,  0.1966, -0.0997],
        ...,
        [ 0.5594, -0.5192,  0.5766,  ...,  0.4006,  0.7686, -0.3886],
        [-0.2106,  0.2435, -0.2386,  ..., -0.2218, -0.3508,  0.1587],
        [ 0.1287, -0.0832,  0.1139,  ...,  0.0476,  0.1556, -0.0869]],
       grad_fn=<AddmmBackward0>)
0 | output = tensor([[ 0.0441,  0.0059,  0.0067,  ..., -0.0329, -0.0018, -0.0236],
        [ 0.1611, -0.1237,  0.1565,  ...,  0.0845,  0.1983, -0.1092],
        [ 0.0751, -0.0345,  0.0683,  ...,  0.0152,  0.0907, -0.0449],
        ...,
        [-0.0968,  0.1440, -0.1123,  ..., -0.1282, -0.1616,  0.0809],
        [-0.3155,  0.3603, -0.3594,  ..., -0.3156, -0.4981,  0.2307],
        [ 0.0377,  0.0219,  0.0059,  ..., -0.0339,  0.0100, -0.0153]],
       grad_fn=<AddmmBackward0>)
0 | output = tensor([[-0.2124,  0.2637, -0.2555,  ..., -0.2240, -0.3440,  0.1471],
        [ 0.3643, -0.3348,  0.3796,  ...,  0.2629,  0.5072, -0.2461],
        [ 0.5599, -0.5076,  0.5619,  ...,  0.3769,  0.7526, -0.3830],
        ...,
        [-0.2182,  0.2566, -0.2520,  ..., -0.2330, -0.3484,  0.1467],
        [ 0.0989, -0.0575,  0.1013,  ...,  0.0338,  0.1283, -0.0645],
        [ 0.7520, -0.7012,  0.7461,  ...,  0.5367,  1.0006, -0.5184]],
       grad_fn=<AddmmBackward0>)
0 | output = tensor([[ 0.4491, -0.4061,  0.4547,  ...,  0.3065,  0.6135, -0.2996],
        [-0.2247,  0.2638, -0.2637,  ..., -0.2345, -0.3566,  0.1545],
        [ 0.2500, -0.2119,  0.2477,  ...,  0.1631,  0.3319, -0.1637],
        ...,
        [ 0.6055, -0.5526,  0.6053,  ...,  0.4280,  0.8042, -0.4102],
        [-0.0077,  0.0398, -0.0096,  ..., -0.0478, -0.0169,  0.0094],
        [ 0.1094, -0.0632,  0.0869,  ...,  0.0203,  0.1144, -0.0705]],
       grad_fn=<AddmmBackward0>)
0 | output = tensor([[ 0.4797, -0.4281,  0.4804,  ...,  0.3314,  0.6554, -0.3234],
        [ 0.1032, -0.0520,  0.0788,  ...,  0.0142,  0.1039, -0.0667],
        [ 0.6927, -0.6335,  0.6879,  ...,  0.4810,  0.9292, -0.4574],
        ...,
        [ 0.3611, -0.3106,  0.3667,  ...,  0.2569,  0.5139, -0.2331],
        [ 0.4207, -0.3980,  0.4380,  ...,  0.3017,  0.5882, -0.2724],
        [ 0.1096, -0.0575,  0.0808,  ...,  0.0210,  0.1091, -0.0703]],
       grad_fn=<AddmmBackward0>)
0 | output = tensor([[ 0.6089, -0.5667,  0.6227,  ...,  0.4417,  0.8335, -0.3896],
        [-0.0620,  0.1207, -0.0887,  ..., -0.1076, -0.1284,  0.0433],
        [ 0.6708, -0.6162,  0.6646,  ...,  0.4706,  0.8908, -0.4330],
        ...,
        [ 0.1085, -0.0553,  0.0782,  ...,  0.0116,  0.1013, -0.0635],
        [-0.0644,  0.1193, -0.0984,  ..., -0.1098, -0.1402,  0.0340],
        [ 0.2014, -0.1423,  0.1705,  ...,  0.0883,  0.2131, -0.1268]],
       grad_fn=<AddmmBackward0>)
0 | output = tensor([[-0.1542,  0.2145, -0.1946,  ..., -0.1851, -0.2773,  0.0867],
        [ 0.1667, -0.1153,  0.1424,  ...,  0.0696,  0.1942, -0.1036],
        [ 0.4248, -0.3780,  0.4370,  ...,  0.3019,  0.6084, -0.2609],
        ...,
        [ 0.4848, -0.4312,  0.4879,  ...,  0.3401,  0.6673, -0.3066],
        [ 0.0446, -0.0151,  0.0444,  ..., -0.0023,  0.0467, -0.0233],
        [-0.1465,  0.1981, -0.1717,  ..., -0.1688, -0.2387,  0.0865]],
       grad_fn=<AddmmBackward0>)
0 | output = tensor([[ 0.4150, -0.3657,  0.4116,  ...,  0.2848,  0.5726, -0.2494],
        [ 0.1959, -0.1444,  0.1788,  ...,  0.0873,  0.2309, -0.1210],
        [ 0.7228, -0.6785,  0.7260,  ...,  0.5200,  0.9878, -0.4430],
        ...,
        [ 0.5213, -0.4613,  0.5204,  ...,  0.3608,  0.7057, -0.3156],
        [ 0.1812, -0.1352,  0.1675,  ...,  0.0826,  0.2068, -0.1095],
        [ 0.0205,  0.0290, -0.0031,  ..., -0.0450, -0.0107, -0.0029]],
       grad_fn=<AddmmBackward0>)
0 | output = tensor([[-0.1529,  0.1953, -0.1823,  ..., -0.1844, -0.2690,  0.0829],
        [ 0.2316, -0.2008,  0.2283,  ...,  0.1456,  0.3155, -0.1441],
        [ 0.3219, -0.2686,  0.3161,  ...,  0.2160,  0.4332, -0.1950],
        ...,
        [ 0.0831, -0.0295,  0.0561,  ...,  0.0029,  0.0805, -0.0554],
        [ 0.2790, -0.2333,  0.2860,  ...,  0.1905,  0.4064, -0.1591],
        [-0.1660,  0.2093, -0.1927,  ..., -0.1985, -0.2971,  0.0995]],
       grad_fn=<AddmmBackward0>)
0 | output = tensor([[ 0.3457, -0.3029,  0.3555,  ...,  0.2430,  0.4737, -0.1959],
        [ 0.3494, -0.3152,  0.3652,  ...,  0.2528,  0.5113, -0.1861],
        [ 0.4933, -0.4546,  0.4999,  ...,  0.3579,  0.6737, -0.2806],
        ...,
        [ 0.5052, -0.4619,  0.5076,  ...,  0.3632,  0.7007, -0.2866],
        [ 0.3326, -0.2786,  0.3262,  ...,  0.2266,  0.4475, -0.1854],
        [ 0.3960, -0.3564,  0.4022,  ...,  0.2676,  0.5318, -0.2272]],
       grad_fn=<AddmmBackward0>)
0 | output = tensor([[ 0.1304, -0.0927,  0.1280,  ...,  0.0629,  0.1745, -0.0650],
        [ 0.6434, -0.5966,  0.6477,  ...,  0.4605,  0.8662, -0.3533],
        [ 0.2364, -0.1957,  0.2510,  ...,  0.1489,  0.3317, -0.1345],
        ...,
        [ 0.2789, -0.2336,  0.2861,  ...,  0.1770,  0.3780, -0.1556],
        [ 0.4666, -0.4112,  0.4716,  ...,  0.3310,  0.6414, -0.2537],
        [ 0.1954, -0.1486,  0.1730,  ...,  0.0867,  0.2287, -0.1198]],
       grad_fn=<AddmmBackward0>)
0 | output = tensor([[ 0.4785, -0.4426,  0.4861,  ...,  0.3368,  0.6533, -0.2501],
        [ 0.1783, -0.1248,  0.1548,  ...,  0.0784,  0.2052, -0.1011],
        [ 0.4176, -0.3633,  0.4120,  ...,  0.2865,  0.5621, -0.2115],
        ...,
        [ 0.0651, -0.0333,  0.0546,  ..., -0.0128,  0.0484, -0.0470],
        [ 0.4804, -0.4543,  0.4873,  ...,  0.3495,  0.6493, -0.2557],
        [ 0.3616, -0.3286,  0.3805,  ...,  0.2617,  0.5066, -0.1907]],
       grad_fn=<AddmmBackward0>)
0 | output = tensor([[ 0.4026, -0.3583,  0.4084,  ...,  0.2652,  0.5542, -0.2081],
        [ 0.1977, -0.1550,  0.1807,  ...,  0.0974,  0.2398, -0.1112],
        [ 0.3087, -0.2552,  0.3004,  ...,  0.1997,  0.4097, -0.1635],
        ...,
        [ 0.4918, -0.4578,  0.5043,  ...,  0.3514,  0.6780, -0.2552],
        [-0.0106,  0.0478, -0.0313,  ..., -0.0695, -0.0666, -0.0058],
        [ 0.4156, -0.3705,  0.4193,  ...,  0.2822,  0.5524, -0.2218]],
       grad_fn=<AddmmBackward0>)
0 | output = tensor([[-0.3097,  0.3512, -0.3538,  ..., -0.3086, -0.4740,  0.1429],
        [ 0.8783, -0.8238,  0.8838,  ...,  0.6480,  1.1814, -0.4553],
        [ 0.2916, -0.2594,  0.3040,  ...,  0.1965,  0.4179, -0.1479],
        ...,
        [ 0.5541, -0.5254,  0.5738,  ...,  0.3973,  0.7530, -0.2890],
        [ 0.6447, -0.5945,  0.6544,  ...,  0.4656,  0.8687, -0.3432],
        [ 0.1607, -0.1142,  0.1478,  ...,  0.0881,  0.2001, -0.0809]],
       grad_fn=<AddmmBackward0>)
0 | output = tensor([[-0.2175,  0.2643, -0.2455,  ..., -0.2411, -0.3622,  0.0916],
        [-0.2790,  0.3264, -0.3225,  ..., -0.2876, -0.4488,  0.1242],
        [ 0.1976, -0.1500,  0.1742,  ...,  0.0916,  0.2341, -0.1109],
        ...,
        [ 0.6919, -0.6386,  0.6936,  ...,  0.4940,  0.9325, -0.3575],
        [ 0.5622, -0.5143,  0.5523,  ...,  0.3869,  0.7333, -0.3016],
        [-0.1690,  0.2211, -0.2040,  ..., -0.2119, -0.3039,  0.0723]],
       grad_fn=<AddmmBackward0>)
0 | output = tensor([[ 0.2458, -0.2076,  0.2598,  ...,  0.1604,  0.3430, -0.1285],
        [ 0.7613, -0.7088,  0.7603,  ...,  0.5419,  1.0250, -0.3993],
        [ 0.4269, -0.3797,  0.4270,  ...,  0.2835,  0.5690, -0.2220],
        ...,
        [ 0.5693, -0.5144,  0.5718,  ...,  0.3980,  0.7690, -0.2897],
        [-0.1746,  0.2246, -0.2139,  ..., -0.2152, -0.3066,  0.0738],
        [-0.0828,  0.1276, -0.1096,  ..., -0.1247, -0.1509,  0.0331]],
       grad_fn=<AddmmBackward0>)
0 | output = tensor([[ 0.4815, -0.4299,  0.4767,  ...,  0.3380,  0.6651, -0.2448],
        [-0.1843,  0.2395, -0.2236,  ..., -0.2131, -0.3221,  0.0769],
        [ 0.5811, -0.5455,  0.5909,  ...,  0.4082,  0.7998, -0.2995],
        ...,
        [-0.0290,  0.0633, -0.0376,  ..., -0.0559, -0.0651,  0.0126],
        [ 0.6876, -0.6264,  0.6823,  ...,  0.4698,  0.9253, -0.3563],
        [-0.0389,  0.0909, -0.0730,  ..., -0.0931, -0.1034,  0.0107]],
       grad_fn=<AddmmBackward0>)
0 | output = tensor([[ 0.5368, -0.4671,  0.5149,  ...,  0.3595,  0.7085, -0.2769],
        [ 0.3093, -0.2789,  0.3133,  ...,  0.2150,  0.4403, -0.1543],
        [ 0.0133,  0.0398, -0.0102,  ..., -0.0435, -0.0109, -0.0130],
        ...,
        [ 0.2895, -0.2599,  0.3059,  ...,  0.2052,  0.4134, -0.1474],
        [-0.2338,  0.2925, -0.2797,  ..., -0.2504, -0.4069,  0.1066],
        [ 0.7648, -0.7076,  0.7593,  ...,  0.5338,  1.0181, -0.4065]],
       grad_fn=<AddmmBackward0>)
0 | output = tensor([[ 0.0014,  0.0468, -0.0266,  ..., -0.0600, -0.0430, -0.0114],
        [ 0.1093, -0.0593,  0.0839,  ...,  0.0187,  0.1112, -0.0615],
        [ 0.5453, -0.4862,  0.5424,  ...,  0.3547,  0.7302, -0.2832],
        ...,
        [ 0.3472, -0.3015,  0.3352,  ...,  0.2055,  0.4412, -0.1886],
        [ 0.6122, -0.5562,  0.6081,  ...,  0.4211,  0.8400, -0.3211],
        [ 0.2677, -0.2249,  0.2777,  ...,  0.1812,  0.4020, -0.1397]],
       grad_fn=<AddmmBackward0>)
0 | output = tensor([[ 0.0170,  0.0246, -0.0089,  ..., -0.0401, -0.0137, -0.0157],
        [ 0.3863, -0.3348,  0.3842,  ...,  0.2633,  0.5482, -0.2039],
        [ 0.7101, -0.6473,  0.6948,  ...,  0.4796,  0.9614, -0.3760],
        ...,
        [-0.2491,  0.2960, -0.2838,  ..., -0.2484, -0.4030,  0.1185],
        [ 0.1682, -0.1355,  0.1788,  ...,  0.0997,  0.2331, -0.0906],
        [ 0.3230, -0.2698,  0.3136,  ...,  0.2155,  0.4513, -0.1678]],
       grad_fn=<AddmmBackward0>)
0 | output = tensor([[ 0.5089, -0.4589,  0.4977,  ...,  0.3434,  0.6989, -0.2630],
        [-0.2336,  0.2750, -0.2642,  ..., -0.2419, -0.3820,  0.1079],
        [ 0.1376, -0.0829,  0.1063,  ...,  0.0407,  0.1526, -0.0819],
        ...,
        [ 0.0744, -0.0258,  0.0518,  ..., -0.0054,  0.0695, -0.0487],
        [-0.1223,  0.1589, -0.1398,  ..., -0.1519, -0.2071,  0.0479],
        [ 0.5102, -0.4512,  0.5043,  ...,  0.3403,  0.7008, -0.2714]],
       grad_fn=<AddmmBackward0>)
0 | output = tensor([[ 4.1145e-01, -3.6639e-01,  4.0407e-01,  ...,  2.7152e-01,
          5.5563e-01, -2.1614e-01],
        [ 4.4809e-01, -4.0180e-01,  4.6055e-01,  ...,  2.9809e-01,
          6.2121e-01, -2.3523e-01],
        [ 4.4398e-02, -7.7341e-05,  2.2232e-02,  ..., -2.0975e-02,
          1.5598e-02, -3.3830e-02],
        ...,
        [ 8.9308e-02, -6.0727e-02,  9.5177e-02,  ...,  4.8171e-02,
          1.3565e-01, -4.8077e-02],
        [ 4.8924e-01, -4.3247e-01,  4.8283e-01,  ...,  3.2245e-01,
          6.7026e-01, -2.6087e-01],
        [ 7.9364e-01, -7.1570e-01,  7.7079e-01,  ...,  5.3285e-01,
          1.0648e+00, -4.1908e-01]], grad_fn=<AddmmBackward0>)
0 | output = tensor([[ 0.6436, -0.5638,  0.6202,  ...,  0.4167,  0.8626, -0.3368],
        [ 0.4343, -0.3861,  0.4348,  ...,  0.2773,  0.6048, -0.2239],
        [ 0.0304,  0.0102,  0.0054,  ..., -0.0230,  0.0051, -0.0222],
        ...,
        [ 0.0828, -0.0261,  0.0543,  ...,  0.0021,  0.0808, -0.0529],
        [-0.0500,  0.0815, -0.0623,  ..., -0.0961, -0.1246,  0.0135],
        [ 0.2924, -0.2246,  0.2556,  ...,  0.1339,  0.3479, -0.1587]],
       grad_fn=<AddmmBackward0>)
0 | output = tensor([[ 0.0233,  0.0189, -0.0034,  ..., -0.0548, -0.0222, -0.0221],
        [-0.0721,  0.1290, -0.1053,  ..., -0.1143, -0.1524,  0.0169],
        [-0.0503,  0.0983, -0.0739,  ..., -0.0834, -0.1065,  0.0273],
        ...,
        [ 0.5371, -0.4758,  0.5287,  ...,  0.3531,  0.7193, -0.2824],
        [ 0.2998, -0.2377,  0.2701,  ...,  0.1519,  0.3584, -0.1659],
        [-0.2228,  0.2578, -0.2386,  ..., -0.2133, -0.3525,  0.1076]],
       grad_fn=<AddmmBackward0>)
