Attributes = ['race', 'sex', 'capital-gain', 'capital-loss', 'hours-per-week', 'native-country']
Dataset shape = (32561, 354)
torch_organization_model(
  (input_layer): Linear(in_features=354, out_features=128, bias=True)
  (hidden_layers): Sequential()
  (output_layer): Linear(in_features=128, out_features=64, bias=True)
)
Example row (0) = tensor([0., 0., 0., 0., 1., 0., 1., 1., 0., 0., 0., 0., 0., 0., 0., 0., 0., 0.,
        0., 0., 0., 0., 0., 0., 0., 0., 0., 0., 0., 0., 0., 0., 0., 0., 0., 0.,
        0., 0., 0., 0., 0., 0., 0., 0., 0., 0., 0., 0., 0., 0., 0., 0., 0., 0.,
        0., 0., 0., 0., 0., 0., 0., 0., 0., 0., 0., 0., 0., 0., 0., 0., 0., 0.,
        0., 0., 0., 0., 0., 0., 0., 0., 0., 0., 0., 0., 0., 0., 0., 0., 0., 0.,
        0., 0., 0., 0., 0., 0., 0., 0., 0., 0., 0., 0., 0., 0., 0., 0., 0., 0.,
        0., 0., 0., 0., 0., 0., 0., 0., 0., 0., 0., 0., 0., 0., 0., 0., 0., 0.,
        1., 0., 0., 0., 0., 0., 0., 0., 0., 0., 0., 0., 0., 0., 0., 0., 0., 0.,
        0., 0., 0., 0., 0., 0., 0., 0., 0., 0., 0., 0., 0., 0., 0., 0., 0., 0.,
        0., 0., 0., 0., 0., 0., 0., 0., 0., 0., 0., 0., 0., 0., 0., 0., 0., 0.,
        0., 0., 0., 0., 0., 0., 0., 0., 0., 0., 0., 0., 0., 0., 0., 0., 0., 0.,
        0., 0., 0., 0., 0., 0., 0., 0., 0., 0., 0., 0., 0., 0., 0., 0., 0., 0.,
        0., 0., 0., 0., 0., 0., 0., 0., 0., 0., 0., 0., 0., 0., 0., 0., 0., 0.,
        0., 0., 0., 0., 0., 0., 0., 0., 0., 0., 0., 0., 0., 0., 0., 0., 0., 0.,
        0., 0., 0., 0., 0., 1., 0., 0., 0., 0., 0., 0., 0., 0., 0., 0., 0., 0.,
        0., 0., 0., 0., 0., 0., 0., 0., 0., 0., 0., 0., 0., 0., 0., 0., 0., 0.,
        0., 0., 0., 0., 0., 0., 0., 0., 0., 0., 0., 0., 0., 0., 0., 0., 0., 0.,
        0., 0., 0., 0., 0., 0., 0., 0., 0., 0., 0., 0., 0., 0., 0., 0., 0., 0.,
        0., 0., 0., 0., 0., 0., 0., 0., 0., 0., 0., 0., 0., 0., 0., 0., 0., 0.,
        0., 0., 0., 0., 0., 0., 0., 0., 0., 1., 0., 0.]), 0.0, 1.0
0 | output = tensor([[-0.0911, -0.0799, -0.0015,  ..., -0.0146, -0.0469,  0.0344],
        [-0.0792, -0.0795, -0.0238,  ...,  0.0400, -0.0243,  0.0189],
        [-0.1104, -0.0553, -0.0190,  ...,  0.0088, -0.0591,  0.0028],
        ...,
        [-0.0864, -0.1012, -0.0704,  ...,  0.0267, -0.0662, -0.0072],
        [-0.0974, -0.0571, -0.0096,  ...,  0.0364, -0.0170,  0.0008],
        [-0.0763, -0.0825,  0.0265,  ...,  0.0411, -0.0337, -0.0377]],
       grad_fn=<AddmmBackward0>)
0 | output = tensor([[-0.1202, -0.0542, -0.0401,  ..., -0.0454, -0.0323,  0.0166],
        [-0.1202, -0.0542, -0.0401,  ..., -0.0454, -0.0323,  0.0166],
        [-0.1202, -0.0542, -0.0401,  ..., -0.0454, -0.0323,  0.0166],
        ...,
        [-0.1207, -0.0713, -0.0570,  ..., -0.0106, -0.0210,  0.0137],
        [-0.1202, -0.0542, -0.0401,  ..., -0.0454, -0.0323,  0.0166],
        [-0.1149, -0.0900, -0.0758,  ..., -0.0351, -0.0178,  0.0103]],
       grad_fn=<AddmmBackward0>)
0 | output = tensor([[-0.1469, -0.0100, -0.1451,  ..., -0.0396, -0.0439, -0.0343],
        [-0.1494, -0.0303, -0.0828,  ..., -0.0796, -0.0149, -0.0009],
        [-0.1494, -0.0303, -0.0828,  ..., -0.0796, -0.0149, -0.0009],
        ...,
        [-0.1438, -0.0665, -0.1182,  ..., -0.0689, -0.0007, -0.0069],
        [-0.1494, -0.0303, -0.0828,  ..., -0.0796, -0.0149, -0.0009],
        [-0.1414, -0.0549, -0.1483,  ..., -0.0351, -0.0374, -0.0394]],
       grad_fn=<AddmmBackward0>)
0 | output = tensor([[-0.1793,  0.0072, -0.1011,  ..., -0.0851, -0.0036, -0.0105],
        [-0.1741, -0.0421, -0.1649,  ..., -0.1063,  0.0172, -0.0233],
        [-0.1992, -0.0135, -0.1737,  ..., -0.0806,  0.0164, -0.0255],
        ...,
        [-0.1798, -0.0060, -0.1295,  ..., -0.1170,  0.0031, -0.0175],
        [-0.1311, -0.0152, -0.1070,  ..., -0.1517,  0.0043, -0.0818],
        [-0.2004, -0.0011, -0.1239,  ..., -0.1079, -0.0161, -0.0240]],
       grad_fn=<AddmmBackward0>)
0 | output = tensor([[-0.1691, -0.0484, -0.1842,  ..., -0.0193,  0.0305, -0.0611],
        [-0.2396,  0.0466, -0.2358,  ..., -0.1431,  0.0272, -0.0286],
        [-0.1765, -0.0186, -0.1693,  ..., -0.1159,  0.0504, -0.0534],
        ...,
        [-0.2145,  0.0199, -0.1801,  ..., -0.1578,  0.0228, -0.0341],
        [-0.2298, -0.0183, -0.1758,  ..., -0.0975,  0.0510, -0.0731],
        [-0.1764, -0.0372, -0.1398,  ..., -0.0962,  0.0009, -0.0029]],
       grad_fn=<AddmmBackward0>)
0 | output = tensor([[-0.2542,  0.0461, -0.2335,  ..., -0.2020,  0.0431, -0.0523],
        [-0.2405,  0.0520, -0.1856,  ..., -0.1547,  0.0302, -0.0408],
        [-0.2542,  0.0461, -0.2335,  ..., -0.2020,  0.0431, -0.0523],
        ...,
        [-0.2542,  0.0461, -0.2335,  ..., -0.2020,  0.0431, -0.0523],
        [-0.2520,  0.0133, -0.2031,  ..., -0.1210,  0.0559, -0.0516],
        [-0.2224,  0.0243, -0.2665,  ..., -0.1295,  0.1147,  0.0003]],
       grad_fn=<AddmmBackward0>)
0 | output = tensor([[-0.2275,  0.0194, -0.2503,  ..., -0.1801,  0.0734, -0.0847],
        [-0.2994,  0.0730, -0.2906,  ..., -0.2505,  0.0636, -0.0738],
        [-0.2994,  0.0730, -0.2906,  ..., -0.2505,  0.0636, -0.0738],
        ...,
        [-0.3110,  0.0903, -0.2998,  ..., -0.2190,  0.0448, -0.0982],
        [-0.2994,  0.0730, -0.2906,  ..., -0.2505,  0.0636, -0.0738],
        [-0.2994,  0.0730, -0.2906,  ..., -0.2505,  0.0636, -0.0738]],
       grad_fn=<AddmmBackward0>)
0 | output = tensor([[-0.3239,  0.1060, -0.3491,  ..., -0.3230,  0.0595, -0.1166],
        [-0.3531,  0.1153, -0.3514,  ..., -0.2632,  0.0635, -0.1192],
        [-0.2552,  0.0992, -0.2067,  ..., -0.1959,  0.0242, -0.0592],
        ...,
        [-0.3435,  0.0646, -0.3857,  ..., -0.2912,  0.0983, -0.1032],
        [-0.2615,  0.1077, -0.2485,  ..., -0.2687,  0.0683, -0.0592],
        [-0.2489,  0.0620, -0.1369,  ..., -0.0574,  0.1068, -0.0989]],
       grad_fn=<AddmmBackward0>)
0 | output = tensor([[-0.3838,  0.1372, -0.3891,  ..., -0.2956,  0.0796, -0.1344],
        [-0.3281,  0.1130, -0.2941,  ..., -0.2486,  0.0723, -0.0870],
        [-0.3730,  0.1213, -0.3806,  ..., -0.3281,  0.0985, -0.1114],
        ...,
        [-0.3711,  0.0039, -0.3971,  ..., -0.2384,  0.0973, -0.1496],
        [-0.3775,  0.1042, -0.3375,  ..., -0.2446,  0.1105, -0.1220],
        [-0.3809,  0.1625, -0.3551,  ..., -0.3035,  0.0443, -0.1391]],
       grad_fn=<AddmmBackward0>)
0 | output = tensor([[-0.4010,  0.1622, -0.3950,  ..., -0.3067,  0.1056, -0.1125],
        [-0.3826,  0.1385, -0.3932,  ..., -0.3390,  0.1105, -0.1142],
        [-0.3289,  0.1258, -0.2957,  ..., -0.2504,  0.0796, -0.0865],
        ...,
        [-0.3826,  0.1385, -0.3932,  ..., -0.3390,  0.1105, -0.1142],
        [-0.3805,  0.1182, -0.3414,  ..., -0.2485,  0.1190, -0.1227],
        [-0.3966,  0.1401, -0.4556,  ..., -0.3636,  0.1194, -0.1118]],
       grad_fn=<AddmmBackward0>)
0 | output = tensor([[-0.3976,  0.1525, -0.4933,  ..., -0.3612,  0.1324, -0.1323],
        [-0.4173,  0.1064, -0.4762,  ..., -0.3200,  0.1361, -0.1498],
        [-0.3533,  0.1191, -0.3753,  ..., -0.3119,  0.1248, -0.1087],
        ...,
        [-0.2426,  0.0496, -0.2623,  ..., -0.1698,  0.0702, -0.0675],
        [-0.3696,  0.1511, -0.3787,  ..., -0.3265,  0.1192, -0.1032],
        [-0.3649,  0.1280, -0.3229,  ..., -0.2330,  0.1244, -0.1121]],
       grad_fn=<AddmmBackward0>)
0 | output = tensor([[-0.2839,  0.1405, -0.2420,  ..., -0.2048,  0.0858, -0.0588],
        [-0.3771,  0.1382, -0.4310,  ..., -0.3300,  0.1543, -0.1050],
        [-0.3307,  0.1749, -0.3365,  ..., -0.2895,  0.1142, -0.0675],
        ...,
        [-0.2839,  0.1405, -0.2420,  ..., -0.2048,  0.0858, -0.0588],
        [-0.1859,  0.1101, -0.1346,  ..., -0.0925,  0.0535, -0.0228],
        [-0.3436,  0.1608, -0.3484,  ..., -0.3003,  0.1259, -0.0854]],
       grad_fn=<AddmmBackward0>)
0 | output = tensor([[-0.3123,  0.1684, -0.3113,  ..., -0.2683,  0.1306, -0.0660],
        [-0.3213,  0.1337, -0.3963,  ..., -0.2729,  0.1626, -0.0283],
        [-0.3087,  0.2006, -0.2694,  ..., -0.2304,  0.0651, -0.0919],
        ...,
        [-0.3194,  0.2007, -0.3550,  ..., -0.2525,  0.1683, -0.0792],
        [-0.3439,  0.1781, -0.3969,  ..., -0.3124,  0.1491, -0.0686],
        [-0.2646,  0.1701, -0.3153,  ..., -0.2417,  0.1127, -0.0833]],
       grad_fn=<AddmmBackward0>)
0 | output = tensor([[-0.3106,  0.2012, -0.2913,  ..., -0.2162,  0.1338, -0.0499],
        [-0.2667,  0.1311, -0.2644,  ..., -0.1828,  0.1217, -0.0476],
        [-0.2791,  0.1741, -0.2715,  ..., -0.2341,  0.1335, -0.0472],
        ...,
        [-0.3466,  0.1780, -0.4351,  ..., -0.2707,  0.1481, -0.1031],
        [-0.3145,  0.1868, -0.3624,  ..., -0.2827,  0.1554, -0.0502],
        [-0.2791,  0.1741, -0.2715,  ..., -0.2341,  0.1335, -0.0472]],
       grad_fn=<AddmmBackward0>)
0 | output = tensor([[-0.2902,  0.1777, -0.3332,  ..., -0.2445,  0.1616, -0.0379],
        [-0.2482,  0.1776, -0.2340,  ..., -0.2020,  0.1338, -0.0307],
        [-0.3432,  0.1831, -0.4431,  ..., -0.3099,  0.2028, -0.0583],
        ...,
        [-0.0862,  0.0783, -0.0162,  ...,  0.0116,  0.0089,  0.0092],
        [-0.3040,  0.1675, -0.3466,  ..., -0.2567,  0.1774, -0.0549],
        [-0.2899,  0.2069, -0.2851,  ..., -0.2035,  0.1359, -0.0595]],
       grad_fn=<AddmmBackward0>)
0 | output = tensor([[-0.2774,  0.1981, -0.2754,  ..., -0.1941,  0.1061, -0.0701],
        [-0.3273,  0.1909, -0.4252,  ..., -0.2941,  0.2089, -0.0456],
        [-0.1020,  0.0809, -0.0755,  ..., -0.0313,  0.0410, -0.0333],
        ...,
        [-0.2904,  0.1310, -0.2955,  ..., -0.1636,  0.1418, -0.0684],
        [-0.2675,  0.2120, -0.2587,  ..., -0.1804,  0.1393, -0.0456],
        [-0.2268,  0.1569, -0.1556,  ..., -0.1350,  0.0730, -0.0738]],
       grad_fn=<AddmmBackward0>)
0 | output = tensor([[-0.1246,  0.1597, -0.0686,  ..., -0.0455,  0.0759,  0.0621],
        [-0.1940,  0.1800, -0.1672,  ..., -0.1454,  0.1294, -0.0038],
        [-0.1844,  0.2006, -0.1752,  ..., -0.1457,  0.1483,  0.0312],
        ...,
        [-0.2649,  0.1770, -0.3001,  ..., -0.2166,  0.1821, -0.0301],
        [-0.1624,  0.1408, -0.0889,  ..., -0.0769,  0.0598, -0.0016],
        [-0.1940,  0.1800, -0.1672,  ..., -0.1454,  0.1294, -0.0038]],
       grad_fn=<AddmmBackward0>)
0 | output = tensor([[-0.1722,  0.1782, -0.1400,  ..., -0.1222,  0.1243,  0.0071],
        [-0.1223,  0.0963, -0.0185,  ..., -0.0129,  0.1240,  0.0033],
        [-0.3018,  0.1999, -0.3958,  ..., -0.2682,  0.2137, -0.0238],
        ...,
        [-0.0817,  0.0992,  0.0073,  ..., -0.0167,  0.0952, -0.0100],
        [-0.1939,  0.2051, -0.2030,  ..., -0.1948,  0.1313, -0.0172],
        [-0.2970,  0.2109, -0.3232,  ..., -0.1999,  0.1894, -0.0254]],
       grad_fn=<AddmmBackward0>)
0 | output = tensor([[-0.1101,  0.1588, -0.0976,  ..., -0.0409,  0.0347, -0.0084],
        [-0.1682,  0.0940, -0.1138,  ..., -0.0800,  0.0802, -0.0047],
        [-0.2410,  0.1752, -0.2711,  ..., -0.1907,  0.1754, -0.0108],
        ...,
        [-0.2836,  0.1556, -0.3702,  ..., -0.1897,  0.1981, -0.0301],
        [-0.2520,  0.1225, -0.2700,  ..., -0.1945,  0.2164, -0.0610],
        [-0.2676,  0.1718, -0.2489,  ..., -0.1221,  0.1610, -0.0537]],
       grad_fn=<AddmmBackward0>)
0 | output = tensor([[-0.2891,  0.2051, -0.3145,  ..., -0.1897,  0.1811, -0.0087],
        [-0.1470,  0.1078, -0.0905,  ..., -0.0391,  0.1452, -0.0247],
        [-0.2891,  0.2051, -0.3145,  ..., -0.1897,  0.1811, -0.0087],
        ...,
        [ 0.0457,  0.0679,  0.1434,  ...,  0.1729,  0.0081,  0.0537],
        [-0.0340,  0.0478,  0.1260,  ...,  0.1258,  0.0600, -0.0223],
        [-0.0684,  0.1274,  0.0281,  ...,  0.0237,  0.0444,  0.0368]],
       grad_fn=<AddmmBackward0>)
0 | output = tensor([[-3.0711e-01,  2.0743e-01, -3.5818e-01,  ..., -2.1621e-01,
          1.8610e-01, -2.3498e-02],
        [-2.8944e-01,  1.9896e-01, -3.1529e-01,  ..., -1.8854e-01,
          1.7417e-01, -1.1251e-03],
        [-2.8944e-01,  1.9896e-01, -3.1529e-01,  ..., -1.8854e-01,
          1.7417e-01, -1.1251e-03],
        ...,
        [-1.1286e-01,  1.8410e-01, -2.3912e-02,  ..., -2.1346e-02,
          2.1476e-02, -1.9619e-04],
        [-2.3164e-01,  1.6387e-01, -2.5942e-01,  ..., -1.7823e-01,
          1.6061e-01,  5.1969e-03],
        [-2.3164e-01,  1.6387e-01, -2.5942e-01,  ..., -1.7823e-01,
          1.6061e-01,  5.1969e-03]], grad_fn=<AddmmBackward0>)
0 | output = tensor([[-0.1194,  0.1571, -0.0736,  ..., -0.0629,  0.0942,  0.0381],
        [-0.1847,  0.1177, -0.1752,  ..., -0.1293,  0.1314,  0.0178],
        [-0.1194,  0.1571, -0.0736,  ..., -0.0629,  0.0942,  0.0381],
        ...,
        [-0.2932,  0.1927, -0.3805,  ..., -0.2137,  0.1565, -0.0177],
        [-0.2298,  0.1566, -0.2570,  ..., -0.1748,  0.1520,  0.0125],
        [-0.1560,  0.1870, -0.1640,  ..., -0.1232,  0.1715,  0.0483]],
       grad_fn=<AddmmBackward0>)
0 | output = tensor([[-0.0934,  0.1118,  0.0172,  ...,  0.0561,  0.0695,  0.0141],
        [-0.2110,  0.1876, -0.1864,  ..., -0.1161,  0.1259,  0.0349],
        [-0.1671,  0.0766, -0.1445,  ..., -0.0247,  0.0705, -0.0145],
        ...,
        [-0.3285,  0.1856, -0.3783,  ..., -0.2350,  0.1822,  0.0107],
        [-0.1137,  0.1494, -0.0667,  ..., -0.0554,  0.0858,  0.0438],
        [-0.2860,  0.1302, -0.3187,  ..., -0.1541,  0.1594, -0.0108]],
       grad_fn=<AddmmBackward0>)
0 | output = tensor([[-0.0850,  0.1485, -0.0345,  ..., -0.0264,  0.0576,  0.0633],
        [ 0.0243,  0.0986,  0.1098,  ...,  0.0933, -0.0179,  0.0515],
        [-0.3151,  0.1854, -0.4115,  ..., -0.2738,  0.1556,  0.0162],
        ...,
        [-0.1113,  0.1408, -0.0642,  ..., -0.0512,  0.0771,  0.0491],
        [-0.1187,  0.0793, -0.1098,  ...,  0.0113,  0.0687,  0.0469],
        [-0.0882,  0.1220, -0.0474,  ..., -0.0157,  0.0286,  0.0272]],
       grad_fn=<AddmmBackward0>)
0 | output = tensor([[-0.2735,  0.0914, -0.2790,  ..., -0.1377,  0.1259,  0.0235],
        [-0.1652,  0.1577, -0.1850,  ..., -0.1210,  0.0802,  0.0699],
        [-0.0152,  0.1031,  0.0940,  ...,  0.0847,  0.0158,  0.0547],
        ...,
        [-0.2401,  0.1263, -0.2699,  ..., -0.1795,  0.1210,  0.0332],
        [-0.2725,  0.1086, -0.3328,  ..., -0.2196,  0.1517,  0.0228],
        [-0.1098,  0.1325, -0.0627,  ..., -0.0479,  0.0689,  0.0538]],
       grad_fn=<AddmmBackward0>)
0 | output = tensor([[-0.1135,  0.1222, -0.0684,  ..., -0.0497,  0.0597,  0.0587],
        [-0.2177,  0.0701, -0.2330,  ..., -0.1409,  0.0860,  0.0244],
        [-0.1135,  0.1222, -0.0684,  ..., -0.0497,  0.0597,  0.0587],
        ...,
        [-0.1135,  0.1222, -0.0684,  ..., -0.0497,  0.0597,  0.0587],
        [-0.1135,  0.1222, -0.0684,  ..., -0.0497,  0.0597,  0.0587],
        [-0.1085,  0.1083, -0.0068,  ..., -0.0013,  0.0080, -0.0197]],
       grad_fn=<AddmmBackward0>)
0 | output = tensor([[-0.2767,  0.0437, -0.3272,  ..., -0.1767,  0.0818,  0.0216],
        [-0.0150,  0.0903,  0.0916,  ...,  0.0883,  0.0054,  0.0584],
        [-0.0150,  0.0903,  0.0916,  ...,  0.0883,  0.0054,  0.0584],
        ...,
        [-0.2288,  0.1097, -0.2600,  ..., -0.1660,  0.0792,  0.0608],
        [-0.3560,  0.1106, -0.4653,  ..., -0.3068,  0.1220,  0.0547],
        [-0.2957,  0.0702, -0.4192,  ..., -0.2227,  0.0614,  0.0316]],
       grad_fn=<AddmmBackward0>)
0 | output = tensor([[-0.1311,  0.0986, -0.0933,  ..., -0.0631,  0.0403,  0.0692],
        [-0.3817,  0.1213, -0.4970,  ..., -0.3317,  0.0996,  0.0547],
        [-0.1902,  0.1201, -0.2186,  ..., -0.1400,  0.0472,  0.0900],
        ...,
        [-0.2780,  0.0837, -0.3194,  ..., -0.2109,  0.0835,  0.0563],
        [-0.0853,  0.0778,  0.0234,  ...,  0.0721,  0.0377,  0.0283],
        [-0.3603,  0.1130, -0.4067,  ..., -0.2454,  0.0952,  0.0540]],
       grad_fn=<AddmmBackward0>)
0 | output = tensor([[-0.0875,  0.0714,  0.0197,  ...,  0.0714,  0.0324,  0.0302],
        [-0.4764,  0.1040, -0.6004,  ..., -0.3748,  0.1024,  0.0746],
        [-0.2386,  0.0534, -0.2107,  ..., -0.0805,  0.0724,  0.0205],
        ...,
        [-0.1389,  0.0880, -0.1041,  ..., -0.0690,  0.0315,  0.0738],
        [-0.0039,  0.0216,  0.0693,  ...,  0.0691,  0.0127, -0.0133],
        [-0.1389,  0.0880, -0.1041,  ..., -0.0690,  0.0315,  0.0738]],
       grad_fn=<AddmmBackward0>)
0 | output = tensor([[-0.0921,  0.0752, -0.0826,  ..., -0.0033, -0.0444,  0.0358],
        [-0.1743,  0.0529, -0.1522,  ..., -0.0675,  0.0295,  0.0546],
        [-0.5269,  0.0891, -0.6837,  ..., -0.4337,  0.0948,  0.0737],
        ...,
        [-0.0198,  0.0739,  0.0817,  ...,  0.0878, -0.0073,  0.0610],
        [-0.3521,  0.0338, -0.4128,  ..., -0.2318,  0.0559,  0.0412],
        [-0.1009,  0.1156, -0.0156,  ...,  0.0062, -0.0432,  0.0317]],
       grad_fn=<AddmmBackward0>)
0 | output = tensor([[-0.1453,  0.0724, -0.1129,  ..., -0.0726,  0.0177,  0.0800],
        [-0.0995,  0.1111, -0.0140,  ...,  0.0088, -0.0473,  0.0321],
        [-0.0156,  0.0717,  0.0865,  ...,  0.0930, -0.0093,  0.0599],
        ...,
        [-0.3034,  0.0483, -0.3502,  ..., -0.2314,  0.0513,  0.0772],
        [-0.4198,  0.0605, -0.5405,  ..., -0.3226,  0.0388,  0.0697],
        [-0.2730,  0.0971, -0.2774,  ..., -0.1624,  0.0318,  0.0714]],
       grad_fn=<AddmmBackward0>)
0 | output = tensor([[ 0.0793,  0.0644,  0.1549,  ...,  0.1606, -0.0089,  0.0343],
        [-0.3057,  0.0397, -0.3519,  ..., -0.2325,  0.0429,  0.0827],
        [-0.0954,  0.0855, -0.0529,  ..., -0.0245,  0.0010,  0.0893],
        ...,
        [-0.3791,  0.0532, -0.4809,  ..., -0.3588,  0.0432,  0.0816],
        [-0.3932,  0.0847, -0.4749,  ..., -0.2962,  0.0358,  0.0967],
        [-0.0542,  0.0595,  0.0428,  ...,  0.0537, -0.0318,  0.0533]],
       grad_fn=<AddmmBackward0>)
0 | output = tensor([[-0.1621,  0.0421, -0.1339,  ..., -0.0527,  0.0173,  0.0585],
        [-0.1621,  0.0421, -0.1339,  ..., -0.0527,  0.0173,  0.0585],
        [-0.3360,  0.0684, -0.4347,  ..., -0.3289,  0.0167,  0.1063],
        ...,
        [-0.1380,  0.0644, -0.1025,  ..., -0.0632,  0.0093,  0.0811],
        [ 0.1968,  0.0612,  0.3902,  ...,  0.3151,  0.0142, -0.0188],
        [-0.0409,  0.0527,  0.0539,  ...,  0.0610,  0.0308,  0.0515]],
       grad_fn=<AddmmBackward0>)
0 | output = tensor([[-0.3731,  0.0417, -0.4458,  ..., -0.2537,  0.0222,  0.0874],
        [-0.0764,  0.0627, -0.0906,  ..., -0.0552,  0.0323,  0.0606],
        [-0.1304,  0.0628, -0.0922,  ..., -0.0549,  0.0068,  0.0799],
        ...,
        [-0.0495,  0.0665, -0.0310,  ...,  0.0250,  0.0013,  0.1057],
        [ 0.0216,  0.0958,  0.1018,  ...,  0.1513,  0.0013,  0.0273],
        [-0.0785,  0.1076,  0.0135,  ...,  0.0323, -0.0528,  0.0262]],
       grad_fn=<AddmmBackward0>)
0 | output = tensor([[-0.1209,  0.0625, -0.0792,  ..., -0.0447,  0.0053,  0.0778],
        [ 0.0285,  0.0789,  0.1433,  ...,  0.1395, -0.0066,  0.0429],
        [-0.4182,  0.0123, -0.5332,  ..., -0.3572,  0.0300,  0.1213],
        ...,
        [-0.4182,  0.0123, -0.5332,  ..., -0.3572,  0.0300,  0.1213],
        [-0.2932,  0.0358, -0.3826,  ..., -0.2543, -0.0206,  0.0967],
        [-0.1209,  0.0625, -0.0792,  ..., -0.0447,  0.0053,  0.0778]],
       grad_fn=<AddmmBackward0>)
0 | output = tensor([[-0.1141,  0.0617, -0.0701,  ..., -0.0373,  0.0039,  0.0765],
        [-0.1141,  0.0617, -0.0701,  ..., -0.0373,  0.0039,  0.0765],
        [-0.2892,  0.0207, -0.3241,  ..., -0.2131,  0.0216,  0.0951],
        ...,
        [-0.2454,  0.0450, -0.2800,  ..., -0.1831,  0.0048,  0.1106],
        [-0.2454,  0.0450, -0.2800,  ..., -0.1831,  0.0048,  0.1106],
        [-0.1141,  0.0617, -0.0701,  ..., -0.0373,  0.0039,  0.0765]],
       grad_fn=<AddmmBackward0>)
0 | output = tensor([[-0.1100,  0.0604, -0.0646,  ..., -0.0327,  0.0023,  0.0759],
        [ 0.0498,  0.0859,  0.1696,  ...,  0.1614, -0.0027,  0.0311],
        [-0.2325,  0.0175, -0.2198,  ..., -0.1102,  0.0140,  0.0311],
        ...,
        [-0.1100,  0.0604, -0.0646,  ..., -0.0327,  0.0023,  0.0759],
        [-0.1100,  0.0604, -0.0646,  ..., -0.0327,  0.0023,  0.0759],
        [-0.1100,  0.0604, -0.0646,  ..., -0.0327,  0.0023,  0.0759]],
       grad_fn=<AddmmBackward0>)
0 | output = tensor([[-2.7650e-01,  3.8445e-02, -3.1646e-01,  ..., -1.7251e-01,
         -3.4704e-02,  1.0305e-01],
        [-1.1237e-01,  5.7035e-02, -6.8049e-02,  ..., -3.4711e-02,
         -3.4528e-04,  7.7832e-02],
        [ 1.8189e-01,  1.5335e-01,  3.3694e-01,  ...,  2.9619e-01,
         -1.1855e-02, -2.3888e-02],
        ...,
        [-4.7387e-01,  2.8679e-02, -5.4576e-01,  ..., -3.3103e-01,
          6.7527e-02,  1.1599e-01],
        [-4.6169e-02,  1.1226e-01,  5.4520e-02,  ...,  6.6554e-02,
         -5.2604e-02,  1.2373e-02],
        [-4.6169e-02,  1.1226e-01,  5.4520e-02,  ...,  6.6554e-02,
         -5.2604e-02,  1.2373e-02]], grad_fn=<AddmmBackward0>)
0 | output = tensor([[-0.0456,  0.0841,  0.0110,  ...,  0.0285, -0.0068,  0.0749],
        [-0.3165, -0.0518, -0.3827,  ..., -0.1428, -0.0656,  0.0997],
        [-0.5601, -0.0522, -0.6997,  ..., -0.4748,  0.0545,  0.1689],
        ...,
        [-0.2553,  0.0270, -0.2905,  ..., -0.1915, -0.0088,  0.1270],
        [-0.0231,  0.0716,  0.0986,  ...,  0.1416,  0.0245,  0.0039],
        [-0.0456,  0.0841,  0.0110,  ...,  0.0285, -0.0068,  0.0749]],
       grad_fn=<AddmmBackward0>)
0 | output = tensor([[-0.0277,  0.0697,  0.0913,  ...,  0.1370,  0.0231,  0.0044],
        [-0.0533,  0.0286,  0.0074,  ...,  0.0304,  0.0569,  0.0022],
        [-0.5169, -0.0308, -0.6518,  ..., -0.4547, -0.0234,  0.1875],
        ...,
        [-0.3674, -0.0174, -0.4203,  ..., -0.2594,  0.0154,  0.1203],
        [-0.1878, -0.0298, -0.2332,  ..., -0.1534,  0.0206,  0.0930],
        [-0.2248,  0.0589, -0.1896,  ..., -0.0984, -0.0101,  0.1046]],
       grad_fn=<AddmmBackward0>)
0 | output = tensor([[-0.1460,  0.0374, -0.1136,  ..., -0.0680, -0.0128,  0.0965],
        [-0.0155,  0.0622,  0.0872,  ...,  0.0953, -0.0345,  0.0320],
        [-0.1460,  0.0374, -0.1136,  ..., -0.0680, -0.0128,  0.0965],
        ...,
        [-0.3424, -0.0232, -0.3893,  ..., -0.2651, -0.0077,  0.1439],
        [-0.2799,  0.0090, -0.3215,  ..., -0.2158, -0.0201,  0.1473],
        [-0.5205, -0.0545, -0.6526,  ..., -0.4167, -0.0492,  0.1862]],
       grad_fn=<AddmmBackward0>)
0 | output = tensor([[-2.9232e-01,  2.1601e-05, -3.3691e-01,  ..., -2.2809e-01,
         -2.5336e-02,  1.5803e-01],
        [-3.5915e-01, -3.4136e-02, -4.1017e-01,  ..., -2.8193e-01,
         -1.3853e-02,  1.5776e-01],
        [-4.5846e-02,  6.2397e-02,  6.5020e-02,  ...,  1.1869e-01,
          1.8209e-02,  1.0088e-02],
        ...,
        [-4.9112e-01, -6.3726e-02, -6.1451e-01,  ..., -4.2761e-01,
         -2.1767e-02,  2.1076e-01],
        [-3.4959e-01, -1.9980e-02, -4.1066e-01,  ..., -2.9290e-01,
          7.8547e-03,  2.0117e-01],
        [-1.6035e-01,  2.9611e-02, -1.3258e-01,  ..., -8.2403e-02,
         -1.7422e-02,  1.0503e-01]], grad_fn=<AddmmBackward0>)
0 | output = tensor([[-0.1731,  0.0223, -0.1493,  ..., -0.0952, -0.0216,  0.1132],
        [-0.4473, -0.0582, -0.5542,  ..., -0.3665, -0.0531,  0.1887],
        [ 0.0292,  0.0798,  0.1343,  ...,  0.1412, -0.0079,  0.0268],
        ...,
        [-0.1731,  0.0223, -0.1493,  ..., -0.0952, -0.0216,  0.1132],
        [-0.3732, -0.0441, -0.4273,  ..., -0.2960, -0.0191,  0.1708],
        [-0.3506, -0.0833, -0.3840,  ..., -0.2713, -0.0282,  0.1629]],
       grad_fn=<AddmmBackward0>)
0 | output = tensor([[-0.1865,  0.0147, -0.1668,  ..., -0.1087, -0.0260,  0.1220],
        [ 0.0192,  0.0759,  0.1201,  ...,  0.1310, -0.0106,  0.0301],
        [-0.1865,  0.0147, -0.1668,  ..., -0.1087, -0.0260,  0.1220],
        ...,
        [ 0.2023,  0.1311,  0.3202,  ...,  0.2798, -0.0158, -0.0281],
        [-0.3867, -0.0536, -0.4438,  ..., -0.3097, -0.0242,  0.1834],
        [-0.1810,  0.0076, -0.1569,  ..., -0.0700, -0.0088,  0.0915]],
       grad_fn=<AddmmBackward0>)
0 | output = tensor([[ 0.4280,  0.1977,  0.6092,  ...,  0.5444,  0.0463, -0.1657],
        [-0.0847,  0.0910, -0.0008,  ...,  0.0290, -0.0670,  0.0272],
        [-0.1891,  0.0116, -0.1697,  ..., -0.1109, -0.0275,  0.1247],
        ...,
        [-0.3709, -0.0994, -0.4082,  ..., -0.2913, -0.0366,  0.1828],
        [-0.5512, -0.1156, -0.6543,  ..., -0.4704,  0.0123,  0.2131],
        [-0.1891,  0.0116, -0.1697,  ..., -0.1109, -0.0275,  0.1247]],
       grad_fn=<AddmmBackward0>)
0 | output = tensor([[ 0.0293,  0.0801,  0.1321,  ...,  0.1421, -0.0088,  0.0199],
        [-0.3791, -0.0577, -0.4307,  ..., -0.3007, -0.0260,  0.1873],
        [-0.1859, -0.0527, -0.1683,  ..., -0.0372, -0.0304,  0.0672],
        ...,
        [-0.3791, -0.0577, -0.4307,  ..., -0.3007, -0.0260,  0.1873],
        [ 0.0293,  0.0801,  0.1321,  ...,  0.1421, -0.0088,  0.0199],
        [-0.1772,  0.0146, -0.1536,  ..., -0.0979, -0.0261,  0.1183]],
       grad_fn=<AddmmBackward0>)
0 | output = tensor([[-0.1567,  0.0215, -0.1264,  ..., -0.0759, -0.0230,  0.1059],
        [-0.3605, -0.0531, -0.4050,  ..., -0.2807, -0.0240,  0.1788],
        [-0.6043, -0.1081, -0.7496,  ..., -0.5405, -0.0631,  0.2881],
        ...,
        [-0.1567,  0.0215, -0.1264,  ..., -0.0759, -0.0230,  0.1059],
        [-0.3605, -0.0531, -0.4050,  ..., -0.2807, -0.0240,  0.1788],
        [-0.5627, -0.1060, -0.6936,  ..., -0.4566, -0.0749,  0.2534]],
       grad_fn=<AddmmBackward0>)
0 | output = tensor([[ 0.5012,  0.2283,  0.6934,  ...,  0.5963,  0.0609, -0.2117],
        [ 0.0632,  0.0945,  0.1751,  ...,  0.1780, -0.0022, -0.0055],
        [-0.0129,  0.0749,  0.1046,  ...,  0.1550,  0.0223, -0.0201],
        ...,
        [-0.3636, -0.0867, -0.3921,  ..., -0.1712, -0.0664,  0.1481],
        [-0.0129,  0.0749,  0.1046,  ...,  0.1550,  0.0223, -0.0201],
        [-0.1359,  0.0289, -0.0990,  ..., -0.0536, -0.0197,  0.0930]],
       grad_fn=<AddmmBackward0>)
0 | output = tensor([[-2.9429e-03,  7.9512e-02,  1.1692e-01,  ...,  1.6549e-01,
          2.4166e-02, -2.8581e-02],
        [ 7.2428e-02,  9.8931e-02,  1.8639e-01,  ...,  1.8783e-01,
         -6.3932e-04, -1.3948e-02],
        [ 7.2428e-02,  9.8931e-02,  1.8639e-01,  ...,  1.8783e-01,
         -6.3932e-04, -1.3948e-02],
        ...,
        [-6.6386e-01, -1.0666e-01, -7.7132e-01,  ..., -5.3895e-01,
         -5.0051e-02,  3.1472e-01],
        [-1.8315e-01,  9.5481e-05, -1.8527e-01,  ..., -1.3237e-01,
         -5.3180e-03,  1.2363e-01],
        [-4.3785e-01, -7.4379e-02, -5.3083e-01,  ..., -3.6787e-01,
         -2.9274e-02,  2.2004e-01]], grad_fn=<AddmmBackward0>)
0 | output = tensor([[-0.3725, -0.0225, -0.4379,  ..., -0.2587, -0.0551,  0.1943],
        [-0.1290,  0.0301, -0.0898,  ..., -0.0462, -0.0194,  0.0892],
        [-0.1290,  0.0301, -0.0898,  ..., -0.0462, -0.0194,  0.0892],
        ...,
        [-0.1290,  0.0301, -0.0898,  ..., -0.0462, -0.0194,  0.0892],
        [ 0.2687,  0.1384,  0.4052,  ...,  0.3315,  0.0608, -0.1051],
        [-0.1290,  0.0301, -0.0898,  ..., -0.0462, -0.0194,  0.0892]],
       grad_fn=<AddmmBackward0>)
0 | output = tensor([[-0.5135, -0.1699, -0.5973,  ..., -0.4291, -0.0354,  0.2437],
        [-0.0139,  0.0623,  0.0853,  ...,  0.1426, -0.0761, -0.0500],
        [-0.6077, -0.1250, -0.7465,  ..., -0.5431, -0.0687,  0.3129],
        ...,
        [-0.3513, -0.0378, -0.4011,  ..., -0.2430, -0.0759,  0.1871],
        [ 0.0484,  0.0900,  0.1539,  ...,  0.1620, -0.0053, -0.0019],
        [-0.0886,  0.0576, -0.0511,  ..., -0.0145, -0.0237,  0.0908]],
       grad_fn=<AddmmBackward0>)
0 | output = tensor([[ 0.4747,  0.2951,  0.6721,  ...,  0.5986,  0.0263, -0.2974],
        [-0.3638, -0.0452, -0.4165,  ..., -0.2564, -0.0787,  0.1989],
        [-0.1463,  0.0213, -0.1121,  ..., -0.0647, -0.0233,  0.1022],
        ...,
        [-0.4261, -0.0472, -0.4549,  ..., -0.2955, -0.0293,  0.2074],
        [-0.4778, -0.0806, -0.5565,  ..., -0.3536, -0.0510,  0.2346],
        [-0.1964,  0.0131, -0.1880,  ..., -0.1307, -0.0231,  0.1916]],
       grad_fn=<AddmmBackward0>)
0 | output = tensor([[-0.1636,  0.0054, -0.1317,  ..., -0.0518, -0.0101,  0.0889],
        [-0.1574,  0.0158, -0.1262,  ..., -0.0765, -0.0257,  0.1107],
        [ 0.0161,  0.0771,  0.1111,  ...,  0.1274, -0.0118,  0.0163],
        ...,
        [-0.1574,  0.0158, -0.1262,  ..., -0.0765, -0.0257,  0.1107],
        [-0.3370, -0.0559, -0.3690,  ..., -0.2557, -0.0240,  0.1833],
        [-0.0047,  0.0615,  0.0742,  ...,  0.0907, -0.0387, -0.0566]],
       grad_fn=<AddmmBackward0>)
