torch_top_model(
  (input_layer): Linear(in_features=128, out_features=64, bias=True)
  (hidden_layers): Sequential()
  (output_layer): Linear(in_features=64, out_features=1, bias=True)
  (softmax): Softmax(dim=1)
)
0 | output = tensor([-0.0677], grad_fn=<SelectBackward0>)
0 | loss = 0.6741632223129272
0 | output = tensor([-0.1773], grad_fn=<SelectBackward0>)
0 | loss = 0.6455089449882507
0 | output = tensor([-0.2810], grad_fn=<SelectBackward0>)
0 | loss = 0.6243676543235779
0 | output = tensor([-0.4016], grad_fn=<SelectBackward0>)
0 | loss = 0.5872418284416199
0 | output = tensor([-0.5844], grad_fn=<SelectBackward0>)
0 | loss = 0.5862422585487366
0 | output = tensor([-0.8555], grad_fn=<SelectBackward0>)
0 | loss = 0.5455595850944519
0 | output = tensor([-1.1491], grad_fn=<SelectBackward0>)
0 | loss = 0.5353413224220276
0 | output = tensor([-1.5615], grad_fn=<SelectBackward0>)
0 | loss = 0.511081874370575
0 | output = tensor([-1.8971], grad_fn=<SelectBackward0>)
0 | loss = 0.5056461691856384
0 | output = tensor([-1.6607], grad_fn=<SelectBackward0>)
0 | loss = 0.5482684373855591
0 | output = tensor([-2.4532], grad_fn=<SelectBackward0>)
0 | loss = 0.5503258109092712
0 | output = tensor([-0.8549], grad_fn=<SelectBackward0>)
0 | loss = 0.491569846868515
0 | output = tensor([-2.0878], grad_fn=<SelectBackward0>)
0 | loss = 0.47698938846588135
0 | output = tensor([-1.5309], grad_fn=<SelectBackward0>)
0 | loss = 0.4380893409252167
0 | output = tensor([-1.8446], grad_fn=<SelectBackward0>)
0 | loss = 0.42878952622413635
0 | output = tensor([-1.5619], grad_fn=<SelectBackward0>)
0 | loss = 0.4236127436161041
0 | output = tensor([0.1122], grad_fn=<SelectBackward0>)
0 | loss = 0.39570239186286926
0 | output = tensor([-1.3289], grad_fn=<SelectBackward0>)
0 | loss = 0.39962872862815857
0 | output = tensor([-0.8174], grad_fn=<SelectBackward0>)
0 | loss = 0.39380332827568054
0 | output = tensor([-2.4858], grad_fn=<SelectBackward0>)
0 | loss = 0.37329885363578796
0 | output = tensor([-2.8503], grad_fn=<SelectBackward0>)
0 | loss = 0.38629552721977234
0 | output = tensor([-0.3723], grad_fn=<SelectBackward0>)
0 | loss = 0.3885504901409149
0 | output = tensor([0.2343], grad_fn=<SelectBackward0>)
0 | loss = 0.38276156783103943
0 | output = tensor([2.1442], grad_fn=<SelectBackward0>)
0 | loss = 0.378869891166687
0 | output = tensor([-4.9081], grad_fn=<SelectBackward0>)
0 | loss = 0.3393469750881195
0 | output = tensor([2.5092], grad_fn=<SelectBackward0>)
0 | loss = 0.3146441876888275
0 | output = tensor([-4.7382], grad_fn=<SelectBackward0>)
0 | loss = 0.39113736152648926
0 | output = tensor([1.0245], grad_fn=<SelectBackward0>)
0 | loss = 0.3551729917526245
0 | output = tensor([-1.4068], grad_fn=<SelectBackward0>)
0 | loss = 0.36835137009620667
0 | output = tensor([-0.4410], grad_fn=<SelectBackward0>)
0 | loss = 0.3479423224925995
0 | output = tensor([-4.7860], grad_fn=<SelectBackward0>)
0 | loss = 0.3401493430137634
0 | output = tensor([1.7258], grad_fn=<SelectBackward0>)
0 | loss = 0.3461381196975708
0 | output = tensor([1.3250], grad_fn=<SelectBackward0>)
0 | loss = 0.30731987953186035
0 | output = tensor([-0.6364], grad_fn=<SelectBackward0>)
0 | loss = 0.3837239444255829
0 | output = tensor([-2.5717], grad_fn=<SelectBackward0>)
0 | loss = 0.3345918357372284
0 | output = tensor([-2.6410], grad_fn=<SelectBackward0>)
0 | loss = 0.36171987652778625
0 | output = tensor([-2.6396], grad_fn=<SelectBackward0>)
0 | loss = 0.3271118700504303
0 | output = tensor([-3.8588], grad_fn=<SelectBackward0>)
0 | loss = 0.33972570300102234
0 | output = tensor([-0.7743], grad_fn=<SelectBackward0>)
0 | loss = 0.37456557154655457
0 | output = tensor([-2.3526], grad_fn=<SelectBackward0>)
0 | loss = 0.3350062966346741
0 | output = tensor([-2.2114], grad_fn=<SelectBackward0>)
0 | loss = 0.33250540494918823
0 | output = tensor([-3.9517], grad_fn=<SelectBackward0>)
0 | loss = 0.3386201560497284
0 | output = tensor([-2.3084], grad_fn=<SelectBackward0>)
0 | loss = 0.31208252906799316
0 | output = tensor([-1.1304], grad_fn=<SelectBackward0>)
0 | loss = 0.34774890542030334
0 | output = tensor([3.1700], grad_fn=<SelectBackward0>)
0 | loss = 0.3379029631614685
0 | output = tensor([-0.7489], grad_fn=<SelectBackward0>)
0 | loss = 0.31026336550712585
0 | output = tensor([-1.1551], grad_fn=<SelectBackward0>)
0 | loss = 0.3193490505218506
0 | output = tensor([2.9085], grad_fn=<SelectBackward0>)
0 | loss = 0.3190855383872986
0 | output = tensor([-1.0271], grad_fn=<SelectBackward0>)
0 | loss = 0.3074072599411011
0 | output = tensor([-5.3840], grad_fn=<SelectBackward0>)
0 | loss = 0.34533560276031494
0 | output = tensor([-4.4368], grad_fn=<SelectBackward0>)
0 | loss = 0.3085048198699951
0 | output = tensor([4.6407], grad_fn=<SelectBackward0>)
0 | loss = 0.27272769808769226
0 | output = tensor([-2.0764], grad_fn=<SelectBackward0>)
0 | loss = 0.3684193193912506
